<?xml version="1.0" encoding="UTF-8"?>
<testng-results skipped="0" failed="0" ignored="0" total="1" passed="1">
  <reporter-output>
  </reporter-output>
  <suite name="Default suite" duration-ms="2076" started-at="2021-04-25T17:32:03Z" finished-at="2021-04-25T17:32:05Z">
    <groups>
    </groups>
    <test name="Default test" duration-ms="2076" started-at="2021-04-25T17:32:03Z" finished-at="2021-04-25T17:32:05Z">
      <class name="api.CheckStatusCode">
        <test-method status="PASS" signature="GetWeatherDetails()[pri:0, instance:api.CheckStatusCode@2f7a2457]" name="GetWeatherDetails" duration-ms="2055" started-at="2021-04-25T17:32:03Z" finished-at="2021-04-25T17:32:05Z">
          <reporter-output>
          </reporter-output>
        </test-method> <!-- GetWeatherDetails -->
      </class> <!-- api.CheckStatusCode -->
    </test> <!-- Default test -->
  </suite> <!-- Default suite -->
</testng-results>
